Cog2000 log file Wed Feb 13 14:35:27 2019
gprim v1.33 Compiled:Aug 12 2015 (GLib DirectDraw v7 DX12.0 Compiled:Aug 12 2015)
Display:1600x1200x32 59.99Hz
0	[0]	:	COGENT START
94293	[94293]	:	COGENT STOP
Cog2000 log file Thu Feb 21 11:10:39 2019
gprim v1.33 Compiled:Aug 12 2015 (GLib DirectDraw v7 DX12.0 Compiled:Aug 12 2015)
Display:1600x1200x32 59.95Hz
4	[4]	:	COGENT START
55087	[55083]	:	COGENT STOP
Cog2000 log file Thu Feb 21 11:13:36 2019
gprim v1.33 Compiled:Aug 12 2015 (GLib DirectDraw v7 DX12.0 Compiled:Aug 12 2015)
Display:1600x1200x32 59.99Hz
0	[0]	:	COGENT START
366077	[366077]	:	COGENT STOP
Cog2000 log file Thu Feb 21 11:19:47 2019
gprim v1.33 Compiled:Aug 12 2015 (GLib DirectDraw v7 DX12.0 Compiled:Aug 12 2015)
Display:1600x1200x32 60.02Hz
2	[2]	:	COGENT START
21534638	[21534636]	:	COGENT STOP
Cog2000 log file Thu Feb 21 17:22:30 2019
gprim v1.33 Compiled:Aug 12 2015 (GLib DirectDraw v7 DX12.0 Compiled:Aug 12 2015)
Display:1600x1200x32 60.02Hz
124	[124]	:	COGENT START
Cog2000 log file Wed Jul 31 21:18:17 2019
gprim v1.33 Compiled:Aug 12 2015 (GLib DirectDraw v7 DX12.0 Compiled:Aug 12 2015)
Display:1600x1200x32 59.98Hz
4	[4]	:	COGENT START
Cogent 2000 Version 1.29
cogstd.mexw64 v1.33 Compiled:Aug 12 2015
CogProcess v1.05 Compiled: May 20 2010
Cog2000 log file Wed Jul 31 21:20:49 2019
gprim v1.33 Compiled:Aug 12 2015 (GLib DirectDraw v7 DX12.0 Compiled:Aug 12 2015)
Display:1600x1200x32 59.72Hz
1	[1]	:	COGENT START
Cogent 2000 Version 1.29
cogstd.mexw64 v1.33 Compiled:Aug 12 2015
CogProcess v1.05 Compiled: May 20 2010
Cog2000 log file Wed Jul 31 21:24:00 2019
gprim v1.33 Compiled:Aug 12 2015 (GLib DirectDraw v7 DX12.0 Compiled:Aug 12 2015)
Display:1600x1200x32 53.80Hz
0	[0]	:	COGENT START
Cogent 2000 Version 1.29
cogstd.mexw64 v1.33 Compiled:Aug 12 2015
CogProcess v1.05 Compiled: May 20 2010
Cog2000 log file Wed Jul 31 21:24:58 2019
gprim v1.33 Compiled:Aug 12 2015 (GLib DirectDraw v7 DX12.0 Compiled:Aug 12 2015)
Display:1600x1200x32 59.53Hz
0	[0]	:	COGENT START
Cogent 2000 Version 1.29
cogstd.mexw64 v1.33 Compiled:Aug 12 2015
CogProcess v1.05 Compiled: May 20 2010
Cog2000 log file Wed Jul 31 21:26:13 2019
gprim v1.33 Compiled:Aug 12 2015 (GLib DirectDraw v7 DX12.0 Compiled:Aug 12 2015)
Display:1600x1200x32 59.24Hz
0	[0]	:	COGENT START
Cogent 2000 Version 1.29
cogstd.mexw64 v1.33 Compiled:Aug 12 2015
CogProcess v1.05 Compiled: May 20 2010
Cog2000 log file Wed Jul 31 21:26:33 2019
gprim v1.33 Compiled:Aug 12 2015 (GLib DirectDraw v7 DX12.0 Compiled:Aug 12 2015)
Display:1600x1200x32 55.05Hz
0	[0]	:	COGENT START
Cogent 2000 Version 1.29
cogstd.mexw64 v1.33 Compiled:Aug 12 2015
CogProcess v1.05 Compiled: May 20 2010
Cog2000 log file Wed Jul 31 21:31:05 2019
gprim v1.33 Compiled:Aug 12 2015 (GLib DirectDraw v7 DX12.0 Compiled:Aug 12 2015)
Display:1600x1200x32 57.21Hz
1	[1]	:	COGENT START
Cogent 2000 Version 1.29
cogstd.mexw64 v1.33 Compiled:Aug 12 2015
CogProcess v1.05 Compiled: May 20 2010
Cog2000 log file Wed Jul 31 21:31:43 2019
gprim v1.33 Compiled:Aug 12 2015 (GLib DirectDraw v7 DX12.0 Compiled:Aug 12 2015)
Display:1600x1200x32 59.20Hz
0	[0]	:	COGENT START
Cogent 2000 Version 1.29
cogstd.mexw64 v1.33 Compiled:Aug 12 2015
CogProcess v1.05 Compiled: May 20 2010
Cog2000 log file Wed Jul 31 21:37:13 2019
gprim v1.33 Compiled:Aug 12 2015 (GLib DirectDraw v7 DX12.0 Compiled:Aug 12 2015)
Display:1600x1200x32 60.52Hz
0	[0]	:	COGENT START
Cogent 2000 Version 1.29
cogstd.mexw64 v1.33 Compiled:Aug 12 2015
CogProcess v1.05 Compiled: May 20 2010
Cog2000 log file Wed Jul 31 21:38:26 2019
gprim v1.33 Compiled:Aug 12 2015 (GLib DirectDraw v7 DX12.0 Compiled:Aug 12 2015)
Display:1600x1200x32 55.41Hz
0	[0]	:	COGENT START
Cogent 2000 Version 1.29
cogstd.mexw64 v1.33 Compiled:Aug 12 2015
CogProcess v1.05 Compiled: May 20 2010
Cog2000 log file Wed Jul 31 21:45:30 2019
gprim v1.33 Compiled:Aug 12 2015 (GLib DirectDraw v7 DX12.0 Compiled:Aug 12 2015)
Display:1600x1200x32 60.00Hz
0	[0]	:	COGENT START
Cogent 2000 Version 1.29
cogstd.mexw64 v1.33 Compiled:Aug 12 2015
CogProcess v1.05 Compiled: May 20 2010
Cog2000 log file Wed Jul 31 21:46:20 2019
gprim v1.33 Compiled:Aug 12 2015 (GLib DirectDraw v7 DX12.0 Compiled:Aug 12 2015)
Display:1600x1200x32 59.99Hz
0	[0]	:	COGENT START
Cogent 2000 Version 1.29
cogstd.mexw64 v1.33 Compiled:Aug 12 2015
CogProcess v1.05 Compiled: May 20 2010
Cog2000 log file Wed Jul 31 21:49:03 2019
gprim v1.33 Compiled:Aug 12 2015 (GLib DirectDraw v7 DX12.0 Compiled:Aug 12 2015)
Display:1600x1200x32 60.02Hz
0	[0]	:	COGENT START
Cogent 2000 Version 1.29
cogstd.mexw64 v1.33 Compiled:Aug 12 2015
CogProcess v1.05 Compiled: May 20 2010
Cog2000 log file Wed Jul 31 21:50:49 2019
gprim v1.33 Compiled:Aug 12 2015 (GLib DirectDraw v7 DX12.0 Compiled:Aug 12 2015)
Display:1600x1200x32 60.02Hz
Cogent 2000 Version 1.29
cogstd.mexw64 v1.33 Compiled:Aug 12 2015
CogProcess v1.05 Compiled: May 20 2010
Cog2000 log file Wed Jul 31 21:50:53 2019
gprim v1.33 Compiled:Aug 12 2015 (GLib DirectDraw v7 DX12.0 Compiled:Aug 12 2015)
Display:1600x1200x32 59.99Hz
Cogent 2000 Version 1.29
cogstd.mexw64 v1.33 Compiled:Aug 12 2015
CogProcess v1.05 Compiled: May 20 2010
Cog2000 log file Wed Jul 31 21:50:57 2019
gprim v1.33 Compiled:Aug 12 2015 (GLib DirectDraw v7 DX12.0 Compiled:Aug 12 2015)
Display:1600x1200x32 59.99Hz
Cogent 2000 Version 1.29
cogstd.mexw64 v1.33 Compiled:Aug 12 2015
CogProcess v1.05 Compiled: May 20 2010
Cog2000 log file Wed Jul 31 21:51:01 2019
gprim v1.33 Compiled:Aug 12 2015 (GLib DirectDraw v7 DX12.0 Compiled:Aug 12 2015)
Display:1600x1200x32 60.02Hz
Cog2000 log file Thu Aug 01 11:26:03 2019
gprim v1.33 Compiled:Aug 12 2015 (GLib DirectDraw v7 DX10.0 Compiled:Aug 12 2015)
Display:1600x1200x32 59.99Hz
6	[6]	:	COGENT START
Cogent 2000 Version 1.29
cogstd.mexw64 v1.33 Compiled:Aug 12 2015
CogProcess v1.05 Compiled: May 20 2010
Cog2000 log file Thu Aug 01 11:26:36 2019
gprim v1.33 Compiled:Aug 12 2015 (GLib DirectDraw v7 DX10.0 Compiled:Aug 12 2015)
Display:1600x1200x32 59.99Hz
1	[1]	:	COGENT START
182239	[182238]	:	COGENT STOP
Cog2000 log file Thu Aug 01 11:48:35 2019
gprim v1.33 Compiled:Aug 12 2015 (GLib DirectDraw v7 DX10.0 Compiled:Aug 12 2015)
Display:1600x1200x32 59.95Hz
1	[1]	:	COGENT START
230918	[230917]	:	COGENT STOP
Cog2000 log file Thu Aug 01 12:01:38 2019
gprim v1.33 Compiled:Aug 12 2015 (GLib DirectDraw v7 DX10.0 Compiled:Aug 12 2015)
Display:1600x1200x32 59.99Hz
0	[0]	:	COGENT START
Cogent 2000 Version 1.29
cogstd.mexw64 v1.33 Compiled:Aug 12 2015
CogProcess v1.05 Compiled: May 20 2010
Cog2000 log file Thu Aug 01 12:02:33 2019
gprim v1.33 Compiled:Aug 12 2015 (GLib DirectDraw v7 DX10.0 Compiled:Aug 12 2015)
Display:1600x1200x32 59.99Hz
0	[0]	:	COGENT START
Cogent 2000 Version 1.29
cogstd.mexw64 v1.33 Compiled:Aug 12 2015
CogProcess v1.05 Compiled: May 20 2010
Cog2000 log file Thu Aug 01 12:03:34 2019
gprim v1.33 Compiled:Aug 12 2015 (GLib DirectDraw v7 DX10.0 Compiled:Aug 12 2015)
Display:1600x1200x32 59.99Hz
0	[0]	:	COGENT START
Cogent 2000 Version 1.29
cogstd.mexw64 v1.33 Compiled:Aug 12 2015
CogProcess v1.05 Compiled: May 20 2010
Cog2000 log file Thu Aug 01 12:09:50 2019
gprim v1.33 Compiled:Aug 12 2015 (GLib DirectDraw v7 DX10.0 Compiled:Aug 12 2015)
Display:1600x1200x32 59.99Hz
0	[0]	:	COGENT START
Cogent 2000 Version 1.29
cogstd.mexw64 v1.33 Compiled:Aug 12 2015
CogProcess v1.05 Compiled: May 20 2010
Cog2000 log file Thu Aug 01 12:10:37 2019
gprim v1.33 Compiled:Aug 12 2015 (GLib DirectDraw v7 DX10.0 Compiled:Aug 12 2015)
Display:1600x1200x32 59.99Hz
0	[0]	:	COGENT START
Cogent 2000 Version 1.29
cogstd.mexw64 v1.33 Compiled:Aug 12 2015
CogProcess v1.05 Compiled: May 20 2010
Cog2000 log file Thu Aug 01 12:11:54 2019
gprim v1.33 Compiled:Aug 12 2015 (GLib DirectDraw v7 DX10.0 Compiled:Aug 12 2015)
Display:1600x1200x32 59.95Hz
0	[0]	:	COGENT START
Cogent 2000 Version 1.29
cogstd.mexw64 v1.33 Compiled:Aug 12 2015
CogProcess v1.05 Compiled: May 20 2010
Cog2000 log file Thu Aug 01 12:13:47 2019
gprim v1.33 Compiled:Aug 12 2015 (GLib DirectDraw v7 DX10.0 Compiled:Aug 12 2015)
Display:1600x1200x32 59.95Hz
0	[0]	:	COGENT START
Cogent 2000 Version 1.29
cogstd.mexw64 v1.33 Compiled:Aug 12 2015
CogProcess v1.05 Compiled: May 20 2010
Cog2000 log file Thu Aug 01 12:16:19 2019
gprim v1.33 Compiled:Aug 12 2015 (GLib DirectDraw v7 DX10.0 Compiled:Aug 12 2015)
Display:1600x1200x32 59.95Hz
0	[0]	:	COGENT START
Cogent 2000 Version 1.29
cogstd.mexw64 v1.33 Compiled:Aug 12 2015
CogProcess v1.05 Compiled: May 20 2010
Cog2000 log file Thu Aug 01 12:22:09 2019
gprim v1.33 Compiled:Aug 12 2015 (GLib DirectDraw v7 DX10.0 Compiled:Aug 12 2015)
Display:1600x1200x32 59.95Hz
0	[0]	:	COGENT START
Cogent 2000 Version 1.29
cogstd.mexw64 v1.33 Compiled:Aug 12 2015
CogProcess v1.05 Compiled: May 20 2010
Cog2000 log file Thu Aug 01 12:22:56 2019
gprim v1.33 Compiled:Aug 12 2015 (GLib DirectDraw v7 DX10.0 Compiled:Aug 12 2015)
Display:1600x1200x32 59.99Hz
1	[1]	:	COGENT START
Cogent 2000 Version 1.29
cogstd.mexw64 v1.33 Compiled:Aug 12 2015
CogProcess v1.05 Compiled: May 20 2010
Cog2000 log file Thu Aug 01 12:32:19 2019
gprim v1.33 Compiled:Aug 12 2015 (GLib DirectDraw v7 DX10.0 Compiled:Aug 12 2015)
Display:1600x1200x32 59.99Hz
0	[0]	:	COGENT START
Cogent 2000 Version 1.29
cogstd.mexw64 v1.33 Compiled:Aug 12 2015
CogProcess v1.05 Compiled: May 20 2010
Cog2000 log file Tue Aug 06 10:15:28 2019
gprim v1.33 Compiled:Aug 12 2015 (GLib DirectDraw v7 DX12.0 Compiled:Aug 12 2015)
Display:1600x1200x32 59.92Hz
4	[4]	:	COGENT START
Cogent 2000 Version 1.29
cogstd.mexw64 v1.33 Compiled:Aug 12 2015
CogProcess v1.05 Compiled: May 20 2010
Cog2000 log file Tue Aug 06 10:16:21 2019
gprim v1.33 Compiled:Aug 12 2015 (GLib DirectDraw v7 DX12.0 Compiled:Aug 12 2015)
Display:1600x1200x32 59.95Hz
0	[0]	:	COGENT START
Cogent 2000 Version 1.29
cogstd.mexw64 v1.33 Compiled:Aug 12 2015
CogProcess v1.05 Compiled: May 20 2010
Cog2000 log file Tue Aug 06 10:20:01 2019
gprim v1.33 Compiled:Aug 12 2015 (GLib DirectDraw v7 DX12.0 Compiled:Aug 12 2015)
Display:1600x1200x32 59.95Hz
0	[0]	:	COGENT START
Cogent 2000 Version 1.29
cogstd.mexw64 v1.33 Compiled:Aug 12 2015
CogProcess v1.05 Compiled: May 20 2010
Cog2000 log file Tue Aug 06 10:20:41 2019
gprim v1.33 Compiled:Aug 12 2015 (GLib DirectDraw v7 DX12.0 Compiled:Aug 12 2015)
Display:1600x1200x32 59.92Hz
0	[0]	:	COGENT START
Cogent 2000 Version 1.29
cogstd.mexw64 v1.33 Compiled:Aug 12 2015
CogProcess v1.05 Compiled: May 20 2010
Cog2000 log file Tue Aug 06 10:21:40 2019
gprim v1.33 Compiled:Aug 12 2015 (GLib DirectDraw v7 DX12.0 Compiled:Aug 12 2015)
Display:1600x1200x32 59.95Hz
Attaching C:\Users\timot\Documents\Work\MATLAB ADDONS\Cogent2000v1.33\Toolbox\CogInput.mexw64
CogInput v1.05 Compiled: May 20 2010
0	[0]	:	COGENT START
3516	[3516]	:	Key	52	DOWN	at	3510    
3642	[126]	:	Key	52	UP	at	3641    
5959	[2317]	:	Key	60	DOWN	at	5959    
Cogent 2000 Version 1.29
cogstd.mexw64 v1.33 Compiled:Aug 12 2015
CogProcess v1.05 Compiled: May 20 2010
Cog2000 log file Tue Aug 06 10:22:25 2019
gprim v1.33 Compiled:Aug 12 2015 (GLib DirectDraw v7 DX12.0 Compiled:Aug 12 2015)
Display:1600x1200x32 59.92Hz
CogInput v1.05 Compiled: May 20 2010
1	[1]	:	COGENT START
ERR GScnd:cgtext Usage:-
ERR GScnd:cgtext    cgtext(Text,x,y)
7646	[7645]	:	Key	60	DOWN	at	7645    
Cogent 2000 Version 1.29
cogstd.mexw64 v1.33 Compiled:Aug 12 2015
CogProcess v1.05 Compiled: May 20 2010
Cog2000 log file Tue Aug 06 10:25:45 2019
gprim v1.33 Compiled:Aug 12 2015 (GLib DirectDraw v7 DX12.0 Compiled:Aug 12 2015)
Display:1600x1200x32 59.95Hz
CogInput v1.05 Compiled: May 20 2010
1	[1]	:	COGENT START
ERR GScnd:cgtext Usage:-
ERR GScnd:cgtext    cgtext(Text,x,y)
3965	[3964]	:	Key	71	DOWN	at	3964    
Cogent 2000 Version 1.29
cogstd.mexw64 v1.33 Compiled:Aug 12 2015
CogProcess v1.05 Compiled: May 20 2010
Cog2000 log file Tue Aug 06 10:26:26 2019
gprim v1.33 Compiled:Aug 12 2015 (GLib DirectDraw v7 DX12.0 Compiled:Aug 12 2015)
Display:1600x1200x32 59.92Hz
CogInput v1.05 Compiled: May 20 2010
0	[0]	:	COGENT START
4835	[4835]	:	Key	71	DOWN	at	4835    
4976	[141]	:	Key	71	UP	at	4976    
7083	[2107]	:	Key	71	DOWN	at	7082    
7264	[181]	:	Key	71	UP	at	7264    
10417	[3153]	:	Key	71	DOWN	at	10416   
10588	[171]	:	Key	71	UP	at	10586   
12442	[1854]	:	Key	71	DOWN	at	12442   
12628	[186]	:	Key	71	UP	at	12627   
13211	[583]	:	Key	71	DOWN	at	13211   
Cogent 2000 Version 1.29
cogstd.mexw64 v1.33 Compiled:Aug 12 2015
CogProcess v1.05 Compiled: May 20 2010
Cog2000 log file Tue Aug 06 10:28:43 2019
gprim v1.33 Compiled:Aug 12 2015 (GLib DirectDraw v7 DX12.0 Compiled:Aug 12 2015)
Display:1600x1200x32 59.92Hz
CogInput v1.05 Compiled: May 20 2010
1	[1]	:	COGENT START
5253	[5252]	:	Key	71	DOWN	at	5251    
5367	[114]	:	Key	71	UP	at	5367    
6182	[815]	:	Key	71	DOWN	at	6182    
6317	[135]	:	Key	71	UP	at	6317    
6573	[256]	:	Key	71	DOWN	at	6573    
6692	[119]	:	Key	71	UP	at	6691    
6983	[291]	:	Key	71	DOWN	at	6982    
7102	[119]	:	Key	71	UP	at	7101    
7393	[291]	:	Key	71	DOWN	at	7392    
Cogent 2000 Version 1.29
cogstd.mexw64 v1.33 Compiled:Aug 12 2015
CogProcess v1.05 Compiled: May 20 2010
Cog2000 log file Tue Aug 06 10:29:58 2019
gprim v1.33 Compiled:Aug 12 2015 (GLib DirectDraw v7 DX12.0 Compiled:Aug 12 2015)
Display:1600x1200x32 59.95Hz
CogInput v1.05 Compiled: May 20 2010
0	[0]	:	COGENT START
Cogent 2000 Version 1.29
cogstd.mexw64 v1.33 Compiled:Aug 12 2015
CogProcess v1.05 Compiled: May 20 2010
Cog2000 log file Tue Aug 06 10:30:14 2019
gprim v1.33 Compiled:Aug 12 2015 (GLib DirectDraw v7 DX12.0 Compiled:Aug 12 2015)
Display:1600x1200x32 59.95Hz
CogInput v1.05 Compiled: May 20 2010

*******
*ABORT* CogInput : Create : cannot get active window
*******
Cog2000 log file Tue Aug 06 10:30:24 2019
gprim v1.33 Compiled:Aug 12 2015 (GLib DirectDraw v7 DX12.0 Compiled:Aug 12 2015)
Display:1600x1200x32 59.95Hz
CogInput v1.05 Compiled: May 20 2010
0	[0]	:	COGENT START
3518	[3518]	:	Key	71	DOWN	at	3517    
3622	[104]	:	Key	71	UP	at	3621    
4199	[577]	:	Key	71	DOWN	at	4199    
4323	[124]	:	Key	71	UP	at	4322    
4640	[317]	:	Key	71	DOWN	at	4639    
4737	[97]	:	Key	71	UP	at	4737    
5054	[317]	:	Key	71	DOWN	at	5053    
5143	[89]	:	Key	71	UP	at	5141    
5652	[509]	:	Key	71	DOWN	at	5652    
Cogent 2000 Version 1.29
cogstd.mexw64 v1.33 Compiled:Aug 12 2015
CogProcess v1.05 Compiled: May 20 2010
Cog2000 log file Tue Aug 06 10:32:07 2019
gprim v1.33 Compiled:Aug 12 2015 (GLib DirectDraw v7 DX12.0 Compiled:Aug 12 2015)
Display:1600x1200x32 59.95Hz
CogInput v1.05 Compiled: May 20 2010
0	[0]	:	COGENT START
6385	[6385]	:	Key	71	DOWN	at	6384    
6455	[70]	:	Key	71	UP	at	6454    
7284	[829]	:	Key	71	DOWN	at	7284    
7357	[73]	:	Key	71	UP	at	7356    
7888	[531]	:	Key	71	DOWN	at	7887    
7940	[52]	:	Key	71	UP	at	7939    
8256	[316]	:	Key	71	DOWN	at	8256    
8381	[125]	:	Key	71	UP	at	8379    
8684	[303]	:	Key	71	DOWN	at	8683    
Cogent 2000 Version 1.29
cogstd.mexw64 v1.33 Compiled:Aug 12 2015
CogProcess v1.05 Compiled: May 20 2010
Cog2000 log file Tue Aug 06 10:45:59 2019
gprim v1.33 Compiled:Aug 12 2015 (GLib DirectDraw v7 DX12.0 Compiled:Aug 12 2015)
Display:1600x1200x32 59.92Hz
CogInput v1.05 Compiled: May 20 2010
1	[1]	:	COGENT START
12432	[12431]	:	Key	1	DOWN	at	12430   
12642	[210]	:	Key	1	UP	at	12642   
19631	[6989]	:	Key	6	DOWN	at	19629   
19759	[128]	:	Key	6	UP	at	19759   
23704	[3945]	:	Key	64	DOWN	at	23704   
23898	[194]	:	Key	64	UP	at	23898   
24696	[798]	:	Key	64	DOWN	at	24696   
24825	[129]	:	Key	6	DOWN	at	24825   
24932	[107]	:	Key	6	UP	at	24931   
24978	[46]	:	Key	13	DOWN	at	24977   
25030	[52]	:	Key	13	UP	at	25030   
25055	[25]	:	Key	18	DOWN	at	25054   
25164	[109]	:	Key	18	UP	at	25161   
25197	[33]	:	Key	9	DOWN	at	25196   
25256	[59]	:	Key	9	UP	at	25254   
25354	[98]	:	Key	2	DOWN	at	25354   
25527	[173]	:	Key	2	UP	at	25527   
25548	[21]	:	Key	64	UP	at	25546   
25892	[344]	:	Key	56	DOWN	at	25891   
26061	[169]	:	Key	56	UP	at	26061   
29247	[3186]	:	Key	64	DOWN	at	29247   
29367	[120]	:	Key	8	DOWN	at	29366   
29419	[52]	:	Key	8	UP	at	29419   
29444	[25]	:	Key	64	UP	at	29443   
29523	[79]	:	Key	9	DOWN	at	29521   
29618	[95]	:	Key	9	UP	at	29617   
29625	[7]	:	Key	71	DOWN	at	29623   
29688	[63]	:	Key	64	DOWN	at	29687   
29712	[24]	:	Key	71	UP	at	29710   
29879	[167]	:	Key	6	DOWN	at	29878   
29920	[41]	:	Key	64	UP	at	29919   
29956	[36]	:	Key	6	UP	at	29955   
29979	[23]	:	Key	12	DOWN	at	29979   
30060	[81]	:	Key	12	UP	at	30059   
30078	[18]	:	Key	1	DOWN	at	30077   
30124	[46]	:	Key	1	UP	at	30124   
30172	[48]	:	Key	22	DOWN	at	30172   
30249	[77]	:	Key	9	DOWN	at	30248   
30267	[18]	:	Key	22	UP	at	30266   
30291	[24]	:	Key	9	UP	at	30289   
30378	[87]	:	Key	5	DOWN	at	30378   
30477	[99]	:	Key	5	UP	at	30477   
30774	[297]	:	Key	71	DOWN	at	30774   
30886	[112]	:	Key	71	UP	at	30886   
31168	[282]	:	Key	3	DOWN	at	31167   
31261	[93]	:	Key	3	UP	at	31259   
31431	[170]	:	Key	1	DOWN	at	31431   
31534	[103]	:	Key	1	UP	at	31531   
31535	[1]	:	Key	14	DOWN	at	31531   
31626	[91]	:	Key	14	UP	at	31625   
31650	[24]	:	Key	71	DOWN	at	31649   
31690	[40]	:	Key	71	UP	at	31688   
31754	[64]	:	Key	64	DOWN	at	31753   
31916	[162]	:	Key	9	DOWN	at	31915   
31999	[83]	:	Key	64	UP	at	31998   
32023	[24]	:	Key	9	UP	at	32022   
32023	[0]	:	Key	71	DOWN	at	32022   
Cogent 2000 Version 1.29
cogstd.mexw64 v1.33 Compiled:Aug 12 2015
CogProcess v1.05 Compiled: May 20 2010
Cog2000 log file Tue Aug 06 10:54:24 2019
gprim v1.33 Compiled:Aug 12 2015 (GLib DirectDraw v7 DX12.0 Compiled:Aug 12 2015)
Display:1600x1200x32 59.95Hz
CogInput v1.05 Compiled: May 20 2010
1	[1]	:	COGENT START
25657	[25656]	:	Key	71	DOWN	at	25657   
25812	[155]	:	Key	71	UP	at	25812   
26036	[224]	:	Key	71	DOWN	at	26036   
26155	[119]	:	Key	71	UP	at	26154   
26367	[212]	:	Key	71	DOWN	at	26366   
26472	[105]	:	Key	71	UP	at	26472   
26805	[333]	:	Key	71	DOWN	at	26805   
Cogent 2000 Version 1.29
cogstd.mexw64 v1.33 Compiled:Aug 12 2015
CogProcess v1.05 Compiled: May 20 2010
Cog2000 log file Tue Aug 06 10:55:16 2019
gprim v1.33 Compiled:Aug 12 2015 (GLib DirectDraw v7 DX12.0 Compiled:Aug 12 2015)
Display:1600x1200x32 59.92Hz
CogInput v1.05 Compiled: May 20 2010
0	[0]	:	COGENT START
5433	[5433]	:	Key	71	DOWN	at	5432    
5515	[82]	:	Key	71	UP	at	5513    
5812	[297]	:	Key	71	DOWN	at	5811    
5871	[59]	:	Key	71	UP	at	5869    
6096	[225]	:	Key	71	DOWN	at	6095    
6161	[65]	:	Key	71	UP	at	6160    
6401	[240]	:	Key	71	DOWN	at	6401    
6498	[97]	:	Key	71	UP	at	6496    
6764	[266]	:	Key	71	DOWN	at	6764    
