Cog2000 log file Wed Feb 13 12:45:20 2019
gprim v1.33 Compiled:Aug 12 2015 (GLib DirectDraw v7 DX12.0 Compiled:Aug 12 2015)
Display:640x480x32 59.95Hz
6	[6]	:	COGENT START
13625	[13619]	:	COGENT STOP
Cog2000 log file Wed Feb 13 12:46:26 2019
gprim v1.33 Compiled:Aug 12 2015 (GLib DirectDraw v7 DX12.0 Compiled:Aug 12 2015)
Display:640x480x32 59.99Hz
0	[0]	:	COGENT START
Cogent 2000 Version 1.29
cogstd.mexw64 v1.33 Compiled:Aug 12 2015
CogProcess v1.05 Compiled: May 20 2010
Cog2000 log file Wed Feb 13 12:46:40 2019
gprim v1.33 Compiled:Aug 12 2015 (GLib DirectDraw v7 DX12.0 Compiled:Aug 12 2015)
Display:640x480x32 60.02Hz
1	[1]	:	COGENT START
47739	[47738]	:	COGENT STOP
Cog2000 log file Wed Feb 13 12:47:34 2019
gprim v1.33 Compiled:Aug 12 2015 (GLib DirectDraw v7 DX12.0 Compiled:Aug 12 2015)
Display:640x480x32 60.02Hz
1	[1]	:	COGENT START
Cogent 2000 Version 1.29
cogstd.mexw64 v1.33 Compiled:Aug 12 2015
CogProcess v1.05 Compiled: May 20 2010
Cog2000 log file Wed Feb 13 12:54:28 2019
gprim v1.33 Compiled:Aug 12 2015 (GLib DirectDraw v7 DX12.0 Compiled:Aug 12 2015)
Display:640x480x32 59.95Hz
0	[0]	:	COGENT START
24347	[24347]	:	COGENT STOP
Cog2000 log file Wed Feb 13 12:55:04 2019
gprim v1.33 Compiled:Aug 12 2015 (GLib DirectDraw v7 DX12.0 Compiled:Aug 12 2015)
Display:640x480x32 60.02Hz
1	[1]	:	COGENT START
Cogent 2000 Version 1.29
cogstd.mexw64 v1.33 Compiled:Aug 12 2015
CogProcess v1.05 Compiled: May 20 2010
Cog2000 log file Wed Feb 13 12:55:25 2019
gprim v1.33 Compiled:Aug 12 2015 (GLib DirectDraw v7 DX12.0 Compiled:Aug 12 2015)
Display:640x480x32 60.02Hz
1	[1]	:	COGENT START
167334	[167333]	:	COGENT STOP
Cog2000 log file Wed Feb 13 12:58:19 2019
gprim v1.33 Compiled:Aug 12 2015 (GLib DirectDraw v7 DX12.0 Compiled:Aug 12 2015)
Display:640x480x32 59.99Hz
0	[0]	:	COGENT START
Cogent 2000 Version 1.29
cogstd.mexw64 v1.33 Compiled:Aug 12 2015
CogProcess v1.05 Compiled: May 20 2010
Cog2000 log file Wed Feb 13 12:58:32 2019
gprim v1.33 Compiled:Aug 12 2015 (GLib DirectDraw v7 DX12.0 Compiled:Aug 12 2015)
Display:640x480x32 60.02Hz
0	[0]	:	COGENT START
22092	[22092]	:	COGENT STOP
Cog2000 log file Wed Feb 13 12:58:59 2019
gprim v1.33 Compiled:Aug 12 2015 (GLib DirectDraw v7 DX12.0 Compiled:Aug 12 2015)
Display:1600x1200x32 60.02Hz
0	[0]	:	COGENT START
21477	[21477]	:	COGENT STOP
Cog2000 log file Wed Feb 13 12:59:26 2019
gprim v1.33 Compiled:Aug 12 2015 (GLib DirectDraw v7 DX12.0 Compiled:Aug 12 2015)
Display:1600x1200x32 60.02Hz
0	[0]	:	COGENT START
18561	[18561]	:	COGENT STOP
Cog2000 log file Wed Feb 13 13:03:20 2019
gprim v1.33 Compiled:Aug 12 2015 (GLib DirectDraw v7 DX12.0 Compiled:Aug 12 2015)
Display:1600x1200x32 60.02Hz
0	[0]	:	COGENT START
29120	[29120]	:	COGENT STOP
Cog2000 log file Wed Feb 13 13:03:54 2019
gprim v1.33 Compiled:Aug 12 2015 (GLib DirectDraw v7 DX12.0 Compiled:Aug 12 2015)
Display:1600x1200x32 59.99Hz
0	[0]	:	COGENT START
Cogent 2000 Version 1.29
cogstd.mexw64 v1.33 Compiled:Aug 12 2015
CogProcess v1.05 Compiled: May 20 2010
Cog2000 log file Wed Feb 13 13:05:13 2019
gprim v1.33 Compiled:Aug 12 2015 (GLib DirectDraw v7 DX12.0 Compiled:Aug 12 2015)
Display:1600x1200x32 60.02Hz
0	[0]	:	COGENT START
Cogent 2000 Version 1.29
cogstd.mexw64 v1.33 Compiled:Aug 12 2015
CogProcess v1.05 Compiled: May 20 2010
Cog2000 log file Thu Feb 14 16:56:30 2019
gprim v1.33 Compiled:Aug 12 2015 (GLib DirectDraw v7 DX12.0 Compiled:Aug 12 2015)
Display:1600x1200x32 59.95Hz
5	[5]	:	COGENT START
Cogent 2000 Version 1.29
cogstd.mexw64 v1.33 Compiled:Aug 12 2015
CogProcess v1.05 Compiled: May 20 2010
Cog2000 log file Thu Feb 14 16:57:35 2019
gprim v1.33 Compiled:Aug 12 2015 (GLib DirectDraw v7 DX12.0 Compiled:Aug 12 2015)
Display:1600x1200x32 59.92Hz
0	[0]	:	COGENT START
39187	[39187]	:	COGENT STOP
Cog2000 log file Thu Feb 14 16:59:16 2019
gprim v1.33 Compiled:Aug 12 2015 (GLib DirectDraw v7 DX12.0 Compiled:Aug 12 2015)
Display:1600x1200x32 59.95Hz
ERR gprim:gFillRect Blt() Failed (DDERR_SURFACELOST)
ERR gprim:gFlip  (DDERR_SURFACELOST)
0	[0]	:	COGENT START
ERR gprim:gBltRAS Blt() Failed (DDERR_SURFACELOST)
ERR gprim:gFlip  (DDERR_SURFACELOST)
ERR gprim:gBltRAS Blt() Failed (DDERR_SURFACELOST)
ERR gprim:gFlip  (DDERR_SURFACELOST)
ERR gprim:gBltRAS Blt() Failed (DDERR_SURFACELOST)
ERR gprim:gFlip  (DDERR_SURFACELOST)
ERR gprim:gBltRAS Blt() Failed (DDERR_SURFACELOST)
ERR gprim:gFlip  (DDERR_SURFACELOST)
ERR gprim:gBltRAS Blt() Failed (DDERR_SURFACELOST)
ERR gprim:gFlip  (DDERR_SURFACELOST)
ERR gprim:gBltRAS Blt() Failed (DDERR_SURFACELOST)
ERR gprim:gFlip  (DDERR_SURFACELOST)
ERR gprim:gBltRAS Blt() Failed (DDERR_SURFACELOST)
ERR gprim:gFlip  (DDERR_SURFACELOST)
ERR gprim:gBltRAS Blt() Failed (DDERR_SURFACELOST)
ERR gprim:gFlip  (DDERR_SURFACELOST)
ERR gprim:gBltRAS Blt() Failed (DDERR_SURFACELOST)
ERR gprim:gFlip  (DDERR_SURFACELOST)
ERR gprim:gBltRAS Blt() Failed (DDERR_SURFACELOST)
ERR gprim:gFlip  (DDERR_SURFACELOST)
ERR gprim:gBltRAS Blt() Failed (DDERR_SURFACELOST)
ERR gprim:gFlip  (DDERR_SURFACELOST)
ERR gprim:gBltRAS Blt() Failed (DDERR_SURFACELOST)
ERR gprim:gFlip  (DDERR_SURFACELOST)
ERR gprim:gBltRAS Blt() Failed (DDERR_SURFACELOST)
ERR gprim:gFlip  (DDERR_SURFACELOST)
ERR gprim:gBltRAS Blt() Failed (DDERR_SURFACELOST)
ERR gprim:gFlip  (DDERR_SURFACELOST)
ERR gprim:gBltRAS Blt() Failed (DDERR_SURFACELOST)
ERR gprim:gFlip  (DDERR_SURFACELOST)
ERR gprim:gBltRAS Blt() Failed (DDERR_SURFACELOST)
ERR gprim:gFlip  (DDERR_SURFACELOST)
ERR gprim:gBltRAS Blt() Failed (DDERR_SURFACELOST)
ERR gprim:gFlip  (DDERR_SURFACELOST)
ERR gprim:gBltRAS Blt() Failed (DDERR_SURFACELOST)
ERR gprim:gFlip  (DDERR_SURFACELOST)
ERR gprim:gBltRAS Blt() Failed (DDERR_SURFACELOST)
ERR gprim:gFlip  (DDERR_SURFACELOST)
ERR gprim:gBltRAS Blt() Failed (DDERR_SURFACELOST)
ERR gprim:gFlip  (DDERR_SURFACELOST)
ERR gprim:gBltRAS Blt() Failed (DDERR_SURFACELOST)
ERR gprim:gFlip  (DDERR_SURFACELOST)
ERR gprim:gBltRAS Blt() Failed (DDERR_SURFACELOST)
ERR gprim:gFlip  (DDERR_SURFACELOST)
ERR gprim:gBltRAS Blt() Failed (DDERR_SURFACELOST)
ERR gprim:gFlip  (DDERR_SURFACELOST)
ERR gprim:gBltRAS Blt() Failed (DDERR_SURFACELOST)
ERR gprim:gFlip  (DDERR_SURFACELOST)
ERR gprim:gBltRAS Blt() Failed (DDERR_SURFACELOST)
ERR gprim:gFlip  (DDERR_SURFACELOST)
ERR gprim:gBltRAS Blt() Failed (DDERR_SURFACELOST)
ERR gprim:gFlip  (DDERR_SURFACELOST)
ERR gprim:gBltRAS Blt() Failed (DDERR_SURFACELOST)
ERR gprim:gFlip  (DDERR_SURFACELOST)
ERR gprim:gBltRAS Blt() Failed (DDERR_SURFACELOST)
ERR gprim:gFlip  (DDERR_SURFACELOST)
ERR gprim:gBltRAS Blt() Failed (DDERR_SURFACELOST)
ERR gprim:gFlip  (DDERR_SURFACELOST)
ERR gprim:gBltRAS Blt() Failed (DDERR_SURFACELOST)
ERR gprim:gFlip  (DDERR_SURFACELOST)
ERR gprim:gBltRAS Blt() Failed (DDERR_SURFACELOST)
ERR gprim:gFlip  (DDERR_SURFACELOST)
1717	[1717]	:	COGENT STOP
Cog2000 log file Thu Feb 21 11:37:11 2019
gprim v1.33 Compiled:Aug 12 2015 (GLib DirectDraw v7 DX12.0 Compiled:Aug 12 2015)
Display:1600x1200x32 59.95Hz
3	[3]	:	COGENT START
39426	[39423]	:	COGENT STOP
Cog2000 log file Thu Feb 21 11:47:48 2019
gprim v1.33 Compiled:Aug 12 2015 (GLib DirectDraw v7 DX12.0 Compiled:Aug 12 2015)
Display:1600x1200x32 59.92Hz
0	[0]	:	COGENT START
39055	[39055]	:	COGENT STOP
Cog2000 log file Thu Feb 21 12:08:00 2019
gprim v1.33 Compiled:Aug 12 2015 (GLib DirectDraw v7 DX12.0 Compiled:Aug 12 2015)
Display:1600x1200x32 59.95Hz
0	[0]	:	COGENT START
Cogent 2000 Version 1.29
cogstd.mexw64 v1.33 Compiled:Aug 12 2015
CogProcess v1.05 Compiled: May 20 2010
Cog2000 log file Thu Feb 21 12:08:35 2019
gprim v1.33 Compiled:Aug 12 2015 (GLib DirectDraw v7 DX12.0 Compiled:Aug 12 2015)
Display:1600x1200x32 59.95Hz
0	[0]	:	COGENT START
Cogent 2000 Version 1.29
cogstd.mexw64 v1.33 Compiled:Aug 12 2015
CogProcess v1.05 Compiled: May 20 2010
Cog2000 log file Thu Feb 21 12:16:44 2019
gprim v1.33 Compiled:Aug 12 2015 (GLib DirectDraw v7 DX12.0 Compiled:Aug 12 2015)
Display:1600x1200x32 59.92Hz
0	[0]	:	COGENT START
38500	[38500]	:	COGENT STOP
Cog2000 log file Thu Feb 21 12:27:46 2019
gprim v1.33 Compiled:Aug 12 2015 (GLib DirectDraw v7 DX12.0 Compiled:Aug 12 2015)
Display:1600x1200x32 59.92Hz
5	[5]	:	COGENT START
38486	[38481]	:	COGENT STOP
Cog2000 log file Thu Feb 21 12:29:57 2019
gprim v1.33 Compiled:Aug 12 2015 (GLib DirectDraw v7 DX12.0 Compiled:Aug 12 2015)
Display:1600x1200x32 59.95Hz
0	[0]	:	COGENT START
18203	[18203]	:	COGENT STOP
Cog2000 log file Thu Feb 21 12:30:42 2019
gprim v1.33 Compiled:Aug 12 2015 (GLib DirectDraw v7 DX12.0 Compiled:Aug 12 2015)
Display:1600x1200x32 59.99Hz
0	[0]	:	COGENT START
Cogent 2000 Version 1.29
cogstd.mexw64 v1.33 Compiled:Aug 12 2015
CogProcess v1.05 Compiled: May 20 2010
Cog2000 log file Thu Feb 21 12:32:20 2019
gprim v1.33 Compiled:Aug 12 2015 (GLib DirectDraw v7 DX12.0 Compiled:Aug 12 2015)
Display:1600x1200x32 59.92Hz
0	[0]	:	COGENT START
24738	[24738]	:	COGENT STOP
Cog2000 log file Thu Feb 21 12:33:13 2019
gprim v1.33 Compiled:Aug 12 2015 (GLib DirectDraw v7 DX12.0 Compiled:Aug 12 2015)
Display:1600x1200x32 59.92Hz
0	[0]	:	COGENT START
14761	[14761]	:	COGENT STOP
Cog2000 log file Thu Feb 21 13:20:29 2019
gprim v1.33 Compiled:Aug 12 2015 (GLib DirectDraw v7 DX12.0 Compiled:Aug 12 2015)
Display:1600x1200x32 59.92Hz
0	[0]	:	COGENT START
25859	[25859]	:	COGENT STOP
Cog2000 log file Thu Feb 21 13:34:36 2019
gprim v1.33 Compiled:Aug 12 2015 (GLib DirectDraw v7 DX12.0 Compiled:Aug 12 2015)
Display:1600x1200x32 59.92Hz
0	[0]	:	COGENT START
Cogent 2000 Version 1.29
cogstd.mexw64 v1.33 Compiled:Aug 12 2015
CogProcess v1.05 Compiled: May 20 2010
Cog2000 log file Thu Feb 21 13:40:32 2019
gprim v1.33 Compiled:Aug 12 2015 (GLib DirectDraw v7 DX12.0 Compiled:Aug 12 2015)
Display:1600x1200x32 59.92Hz
0	[0]	:	COGENT START
25792	[25792]	:	COGENT STOP
Cog2000 log file Thu Feb 21 13:44:20 2019
gprim v1.33 Compiled:Aug 12 2015 (GLib DirectDraw v7 DX12.0 Compiled:Aug 12 2015)
Display:1600x1200x32 59.92Hz
0	[0]	:	COGENT START
25824	[25824]	:	COGENT STOP
Cog2000 log file Thu Feb 21 13:46:15 2019
gprim v1.33 Compiled:Aug 12 2015 (GLib DirectDraw v7 DX12.0 Compiled:Aug 12 2015)
Display:1600x1200x32 59.95Hz
ERR gprim:gFillRect Blt() Failed (DDERR_SURFACELOST)
ERR gprim:gFlip  (DDERR_SURFACELOST)
0	[0]	:	COGENT START
ERR gprim:gBltRAS Blt() Failed (DDERR_SURFACELOST)
ERR gprim:gFlip  (DDERR_SURFACELOST)
ERR gprim:gBltRAS Blt() Failed (DDERR_SURFACELOST)
ERR gprim:gFlip  (DDERR_SURFACELOST)
ERR gprim:gBltRAS Blt() Failed (DDERR_SURFACELOST)
ERR gprim:gFlip  (DDERR_SURFACELOST)
ERR gprim:gBltRAS Blt() Failed (DDERR_SURFACELOST)
ERR gprim:gFlip  (DDERR_SURFACELOST)
ERR gprim:gBltRAS Blt() Failed (DDERR_SURFACELOST)
ERR gprim:gFlip  (DDERR_SURFACELOST)
ERR gprim:gBltRAS Blt() Failed (DDERR_SURFACELOST)
ERR gprim:gFlip  (DDERR_SURFACELOST)
ERR gprim:gBltRAS Blt() Failed (DDERR_SURFACELOST)
ERR gprim:gFlip  (DDERR_SURFACELOST)
ERR gprim:gBltRAS Blt() Failed (DDERR_SURFACELOST)
ERR gprim:gFlip  (DDERR_SURFACELOST)
ERR gprim:gBltRAS Blt() Failed (DDERR_SURFACELOST)
ERR gprim:gFlip  (DDERR_SURFACELOST)
ERR gprim:gBltRAS Blt() Failed (DDERR_SURFACELOST)
ERR gprim:gFlip  (DDERR_SURFACELOST)
ERR gprim:gBltRAS Blt() Failed (DDERR_SURFACELOST)
ERR gprim:gFlip  (DDERR_SURFACELOST)
ERR gprim:gBltRAS Blt() Failed (DDERR_SURFACELOST)
ERR gprim:gFlip  (DDERR_SURFACELOST)
ERR gprim:gBltRAS Blt() Failed (DDERR_SURFACELOST)
ERR gprim:gFlip  (DDERR_SURFACELOST)
ERR gprim:gBltRAS Blt() Failed (DDERR_SURFACELOST)
ERR gprim:gFlip  (DDERR_SURFACELOST)
ERR gprim:gBltRAS Blt() Failed (DDERR_SURFACELOST)
ERR gprim:gFlip  (DDERR_SURFACELOST)
ERR gprim:gBltRAS Blt() Failed (DDERR_SURFACELOST)
ERR gprim:gFlip  (DDERR_SURFACELOST)
ERR gprim:gBltRAS Blt() Failed (DDERR_SURFACELOST)
ERR gprim:gFlip  (DDERR_SURFACELOST)
ERR gprim:gBltRAS Blt() Failed (DDERR_SURFACELOST)
ERR gprim:gFlip  (DDERR_SURFACELOST)
ERR gprim:gBltRAS Blt() Failed (DDERR_SURFACELOST)
ERR gprim:gFlip  (DDERR_SURFACELOST)
ERR gprim:gBltRAS Blt() Failed (DDERR_SURFACELOST)
ERR gprim:gFlip  (DDERR_SURFACELOST)
ERR gprim:gBltRAS Blt() Failed (DDERR_SURFACELOST)
ERR gprim:gFlip  (DDERR_SURFACELOST)
ERR gprim:gBltRAS Blt() Failed (DDERR_SURFACELOST)
ERR gprim:gFlip  (DDERR_SURFACELOST)
ERR gprim:gBltRAS Blt() Failed (DDERR_SURFACELOST)
ERR gprim:gFlip  (DDERR_SURFACELOST)
ERR gprim:gBltRAS Blt() Failed (DDERR_SURFACELOST)
ERR gprim:gFlip  (DDERR_SURFACELOST)
ERR gprim:gBltRAS Blt() Failed (DDERR_SURFACELOST)
ERR gprim:gFlip  (DDERR_SURFACELOST)
ERR gprim:gBltRAS Blt() Failed (DDERR_SURFACELOST)
ERR gprim:gFlip  (DDERR_SURFACELOST)
ERR gprim:gBltRAS Blt() Failed (DDERR_SURFACELOST)
ERR gprim:gFlip  (DDERR_SURFACELOST)
ERR gprim:gBltRAS Blt() Failed (DDERR_SURFACELOST)
ERR gprim:gFlip  (DDERR_SURFACELOST)
ERR gprim:gBltRAS Blt() Failed (DDERR_SURFACELOST)
ERR gprim:gFlip  (DDERR_SURFACELOST)
ERR gprim:gBltRAS Blt() Failed (DDERR_SURFACELOST)
ERR gprim:gFlip  (DDERR_SURFACELOST)
ERR gprim:gBltRAS Blt() Failed (DDERR_SURFACELOST)
ERR gprim:gFlip  (DDERR_SURFACELOST)
ERR gprim:gBltRAS Blt() Failed (DDERR_SURFACELOST)
ERR gprim:gFlip  (DDERR_SURFACELOST)
ERR gprim:gBltRAS Blt() Failed (DDERR_SURFACELOST)
ERR gprim:gFlip  (DDERR_SURFACELOST)
ERR gprim:gBltRAS Blt() Failed (DDERR_SURFACELOST)
ERR gprim:gFlip  (DDERR_SURFACELOST)
ERR gprim:gBltRAS Blt() Failed (DDERR_SURFACELOST)
ERR gprim:gFlip  (DDERR_SURFACELOST)
ERR gprim:gBltRAS Blt() Failed (DDERR_SURFACELOST)
ERR gprim:gFlip  (DDERR_SURFACELOST)
ERR gprim:gBltRAS Blt() Failed (DDERR_SURFACELOST)
ERR gprim:gFlip  (DDERR_SURFACELOST)
ERR gprim:gBltRAS Blt() Failed (DDERR_SURFACELOST)
ERR gprim:gFlip  (DDERR_SURFACELOST)
ERR gprim:gBltRAS Blt() Failed (DDERR_SURFACELOST)
ERR gprim:gFlip  (DDERR_SURFACELOST)
ERR gprim:gBltRAS Blt() Failed (DDERR_SURFACELOST)
ERR gprim:gFlip  (DDERR_SURFACELOST)
ERR gprim:gBltRAS Blt() Failed (DDERR_SURFACELOST)
ERR gprim:gFlip  (DDERR_SURFACELOST)
ERR gprim:gBltRAS Blt() Failed (DDERR_SURFACELOST)
ERR gprim:gFlip  (DDERR_SURFACELOST)
1647	[1647]	:	COGENT STOP
Cog2000 log file Thu Feb 21 13:49:54 2019
gprim v1.33 Compiled:Aug 12 2015 (GLib DirectDraw v7 DX12.0 Compiled:Aug 12 2015)
Display:1600x1200x32 59.92Hz
ERR gprim:gFillRect Blt() Failed (DDERR_SURFACELOST)
ERR gprim:gFlip  (DDERR_SURFACELOST)
0	[0]	:	COGENT START
ERR gprim:gBltRAS Blt() Failed (DDERR_SURFACELOST)
ERR gprim:gFlip  (DDERR_SURFACELOST)
ERR gprim:gBltRAS Blt() Failed (DDERR_SURFACELOST)
ERR gprim:gFlip  (DDERR_SURFACELOST)
ERR gprim:gBltRAS Blt() Failed (DDERR_SURFACELOST)
ERR gprim:gFlip  (DDERR_SURFACELOST)
ERR gprim:gBltRAS Blt() Failed (DDERR_SURFACELOST)
ERR gprim:gFlip  (DDERR_SURFACELOST)
ERR gprim:gBltRAS Blt() Failed (DDERR_SURFACELOST)
ERR gprim:gFlip  (DDERR_SURFACELOST)
ERR gprim:gBltRAS Blt() Failed (DDERR_SURFACELOST)
ERR gprim:gFlip  (DDERR_SURFACELOST)
ERR gprim:gBltRAS Blt() Failed (DDERR_SURFACELOST)
ERR gprim:gFlip  (DDERR_SURFACELOST)
ERR gprim:gBltRAS Blt() Failed (DDERR_SURFACELOST)
ERR gprim:gFlip  (DDERR_SURFACELOST)
ERR gprim:gBltRAS Blt() Failed (DDERR_SURFACELOST)
ERR gprim:gFlip  (DDERR_SURFACELOST)
ERR gprim:gBltRAS Blt() Failed (DDERR_SURFACELOST)
ERR gprim:gFlip  (DDERR_SURFACELOST)
ERR gprim:gBltRAS Blt() Failed (DDERR_SURFACELOST)
ERR gprim:gFlip  (DDERR_SURFACELOST)
ERR gprim:gBltRAS Blt() Failed (DDERR_SURFACELOST)
ERR gprim:gFlip  (DDERR_SURFACELOST)
ERR gprim:gBltRAS Blt() Failed (DDERR_SURFACELOST)
ERR gprim:gFlip  (DDERR_SURFACELOST)
ERR gprim:gBltRAS Blt() Failed (DDERR_SURFACELOST)
ERR gprim:gFlip  (DDERR_SURFACELOST)
ERR gprim:gBltRAS Blt() Failed (DDERR_SURFACELOST)
ERR gprim:gFlip  (DDERR_SURFACELOST)
ERR gprim:gBltRAS Blt() Failed (DDERR_SURFACELOST)
ERR gprim:gFlip  (DDERR_SURFACELOST)
ERR gprim:gBltRAS Blt() Failed (DDERR_SURFACELOST)
ERR gprim:gFlip  (DDERR_SURFACELOST)
ERR gprim:gBltRAS Blt() Failed (DDERR_SURFACELOST)
ERR gprim:gFlip  (DDERR_SURFACELOST)
ERR gprim:gBltRAS Blt() Failed (DDERR_SURFACELOST)
ERR gprim:gFlip  (DDERR_SURFACELOST)
ERR gprim:gBltRAS Blt() Failed (DDERR_SURFACELOST)
ERR gprim:gFlip  (DDERR_SURFACELOST)
ERR gprim:gBltRAS Blt() Failed (DDERR_SURFACELOST)
ERR gprim:gFlip  (DDERR_SURFACELOST)
ERR gprim:gBltRAS Blt() Failed (DDERR_SURFACELOST)
ERR gprim:gFlip  (DDERR_SURFACELOST)
ERR gprim:gBltRAS Blt() Failed (DDERR_SURFACELOST)
ERR gprim:gFlip  (DDERR_SURFACELOST)
ERR gprim:gBltRAS Blt() Failed (DDERR_SURFACELOST)
ERR gprim:gFlip  (DDERR_SURFACELOST)
ERR gprim:gBltRAS Blt() Failed (DDERR_SURFACELOST)
ERR gprim:gFlip  (DDERR_SURFACELOST)
ERR gprim:gBltRAS Blt() Failed (DDERR_SURFACELOST)
ERR gprim:gFlip  (DDERR_SURFACELOST)
ERR gprim:gBltRAS Blt() Failed (DDERR_SURFACELOST)
ERR gprim:gFlip  (DDERR_SURFACELOST)
ERR gprim:gBltRAS Blt() Failed (DDERR_SURFACELOST)
ERR gprim:gFlip  (DDERR_SURFACELOST)
ERR gprim:gBltRAS Blt() Failed (DDERR_SURFACELOST)
ERR gprim:gFlip  (DDERR_SURFACELOST)
ERR gprim:gBltRAS Blt() Failed (DDERR_SURFACELOST)
ERR gprim:gFlip  (DDERR_SURFACELOST)
ERR gprim:gBltRAS Blt() Failed (DDERR_SURFACELOST)
ERR gprim:gFlip  (DDERR_SURFACELOST)
ERR gprim:gBltRAS Blt() Failed (DDERR_SURFACELOST)
ERR gprim:gFlip  (DDERR_SURFACELOST)
ERR gprim:gBltRAS Blt() Failed (DDERR_SURFACELOST)
ERR gprim:gFlip  (DDERR_SURFACELOST)
ERR gprim:gBltRAS Blt() Failed (DDERR_SURFACELOST)
ERR gprim:gFlip  (DDERR_SURFACELOST)
ERR gprim:gBltRAS Blt() Failed (DDERR_SURFACELOST)
ERR gprim:gFlip  (DDERR_SURFACELOST)
ERR gprim:gBltRAS Blt() Failed (DDERR_SURFACELOST)
ERR gprim:gFlip  (DDERR_SURFACELOST)
ERR gprim:gBltRAS Blt() Failed (DDERR_SURFACELOST)
ERR gprim:gFlip  (DDERR_SURFACELOST)
ERR gprim:gBltRAS Blt() Failed (DDERR_SURFACELOST)
ERR gprim:gFlip  (DDERR_SURFACELOST)
ERR gprim:gBltRAS Blt() Failed (DDERR_SURFACELOST)
ERR gprim:gFlip  (DDERR_SURFACELOST)
ERR gprim:gBltRAS Blt() Failed (DDERR_SURFACELOST)
ERR gprim:gFlip  (DDERR_SURFACELOST)
ERR gprim:gBltRAS Blt() Failed (DDERR_SURFACELOST)
ERR gprim:gFlip  (DDERR_SURFACELOST)
ERR gprim:gBltRAS Blt() Failed (DDERR_SURFACELOST)
ERR gprim:gFlip  (DDERR_SURFACELOST)
1627	[1627]	:	COGENT STOP
Cog2000 log file Thu Feb 21 13:50:33 2019
gprim v1.33 Compiled:Aug 12 2015 (GLib DirectDraw v7 DX12.0 Compiled:Aug 12 2015)
Display:1600x1200x32 59.92Hz
0	[0]	:	COGENT START
Cogent 2000 Version 1.29
cogstd.mexw64 v1.33 Compiled:Aug 12 2015
CogProcess v1.05 Compiled: May 20 2010
Cog2000 log file Thu Feb 21 13:51:18 2019
gprim v1.33 Compiled:Aug 12 2015 (GLib DirectDraw v7 DX12.0 Compiled:Aug 12 2015)
Display:1600x1200x32 59.95Hz
1	[1]	:	COGENT START
25843	[25842]	:	COGENT STOP
Cog2000 log file Thu Feb 21 14:07:40 2019
gprim v1.33 Compiled:Aug 12 2015 (GLib DirectDraw v7 DX12.0 Compiled:Aug 12 2015)
Display:1600x1200x32 59.92Hz
0	[0]	:	COGENT START
47998	[47998]	:	COGENT STOP
Cog2000 log file Thu Feb 21 14:11:02 2019
gprim v1.33 Compiled:Aug 12 2015 (GLib DirectDraw v7 DX12.0 Compiled:Aug 12 2015)
Display:1600x1200x32 59.95Hz
0	[0]	:	COGENT START
47498	[47498]	:	COGENT STOP
Cog2000 log file Thu Feb 21 14:14:54 2019
gprim v1.33 Compiled:Aug 12 2015 (GLib DirectDraw v7 DX12.0 Compiled:Aug 12 2015)
Display:1600x1200x32 59.92Hz
0	[0]	:	COGENT START
Cogent 2000 Version 1.29
cogstd.mexw64 v1.33 Compiled:Aug 12 2015
CogProcess v1.05 Compiled: May 20 2010
Cog2000 log file Thu Feb 21 14:15:06 2019
gprim v1.33 Compiled:Aug 12 2015 (GLib DirectDraw v7 DX12.0 Compiled:Aug 12 2015)
Display:1600x1200x32 59.92Hz
0	[0]	:	COGENT START
17766	[17766]	:	COGENT STOP
Cog2000 log file Thu Feb 21 14:15:40 2019
gprim v1.33 Compiled:Aug 12 2015 (GLib DirectDraw v7 DX12.0 Compiled:Aug 12 2015)
Display:1600x1200x32 59.95Hz
0	[0]	:	COGENT START
28846	[28846]	:	COGENT STOP
Cog2000 log file Thu Feb 21 14:55:33 2019
gprim v1.33 Compiled:Aug 12 2015 (GLib DirectDraw v7 DX12.0 Compiled:Aug 12 2015)
Display:1600x1200x32 59.92Hz
3	[3]	:	COGENT START
Cogent 2000 Version 1.29
cogstd.mexw64 v1.33 Compiled:Aug 12 2015
CogProcess v1.05 Compiled: May 20 2010
Cog2000 log file Thu Feb 21 14:55:45 2019
gprim v1.33 Compiled:Aug 12 2015 (GLib DirectDraw v7 DX12.0 Compiled:Aug 12 2015)
Display:1600x1200x32 59.92Hz
1	[1]	:	COGENT START
Cogent 2000 Version 1.29
cogstd.mexw64 v1.33 Compiled:Aug 12 2015
CogProcess v1.05 Compiled: May 20 2010
Cog2000 log file Thu Feb 21 14:57:42 2019
gprim v1.33 Compiled:Aug 12 2015 (GLib DirectDraw v7 DX12.0 Compiled:Aug 12 2015)
Display:1600x1200x32 59.92Hz
0	[0]	:	COGENT START
16303	[16303]	:	COGENT STOP
Cog2000 log file Thu Feb 21 15:08:26 2019
gprim v1.33 Compiled:Aug 12 2015 (GLib DirectDraw v7 DX12.0 Compiled:Aug 12 2015)
Display:1600x1200x32 59.92Hz
3	[3]	:	COGENT START
Cog2000 log file Thu Feb 21 15:09:13 2019
gprim v1.33 Compiled:Aug 12 2015 (GLib DirectDraw v7 DX12.0 Compiled:Aug 12 2015)
Display:1600x1200x32 59.99Hz
3	[3]	:	COGENT START
Cog2000 log file Thu Feb 21 15:09:42 2019
gprim v1.33 Compiled:Aug 12 2015 (GLib DirectDraw v7 DX12.0 Compiled:Aug 12 2015)
Display:1600x1200x32 59.95Hz
3	[3]	:	COGENT START
29099	[29096]	:	COGENT STOP
Cog2000 log file Thu Feb 21 15:12:12 2019
gprim v1.33 Compiled:Aug 12 2015 (GLib DirectDraw v7 DX12.0 Compiled:Aug 12 2015)
Display:1600x1200x32 59.95Hz
2	[2]	:	COGENT START
21889	[21887]	:	COGENT STOP
Cog2000 log file Thu Feb 21 15:12:57 2019
gprim v1.33 Compiled:Aug 12 2015 (GLib DirectDraw v7 DX12.0 Compiled:Aug 12 2015)
Display:1600x1200x32 59.95Hz
2	[2]	:	COGENT START
19874	[19872]	:	COGENT STOP
Cog2000 log file Thu Feb 21 15:13:48 2019
gprim v1.33 Compiled:Aug 12 2015 (GLib DirectDraw v7 DX12.0 Compiled:Aug 12 2015)
Display:1600x1200x32 59.92Hz
2	[2]	:	COGENT START
ERR GScnd:cgsetsprite Sprite 5 not found
Cog2000 log file Thu Feb 21 15:16:43 2019
gprim v1.33 Compiled:Aug 12 2015 (GLib DirectDraw v7 DX12.0 Compiled:Aug 12 2015)
Display:1600x1200x32 59.95Hz
2	[2]	:	COGENT START
ERR GScnd:cgsetsprite Sprite 5 not found
Cog2000 log file Thu Feb 21 15:18:03 2019
gprim v1.33 Compiled:Aug 12 2015 (GLib DirectDraw v7 DX12.0 Compiled:Aug 12 2015)
Display:1600x1200x32 59.95Hz
3	[3]	:	COGENT START
11247	[11244]	:	COGENT STOP
Cog2000 log file Thu Feb 21 15:18:52 2019
gprim v1.33 Compiled:Aug 12 2015 (GLib DirectDraw v7 DX12.0 Compiled:Aug 12 2015)
Display:1600x1200x32 59.92Hz
2	[2]	:	COGENT START
11279	[11277]	:	COGENT STOP
Cog2000 log file Thu Feb 21 15:19:43 2019
gprim v1.33 Compiled:Aug 12 2015 (GLib DirectDraw v7 DX12.0 Compiled:Aug 12 2015)
Display:1600x1200x32 59.92Hz
3	[3]	:	COGENT START
16265	[16262]	:	COGENT STOP
Cog2000 log file Thu Feb 21 15:20:41 2019
gprim v1.33 Compiled:Aug 12 2015 (GLib DirectDraw v7 DX12.0 Compiled:Aug 12 2015)
Display:1600x1200x32 59.99Hz
3	[3]	:	COGENT START
12479	[12476]	:	COGENT STOP
Cog2000 log file Thu Feb 21 15:21:10 2019
gprim v1.33 Compiled:Aug 12 2015 (GLib DirectDraw v7 DX12.0 Compiled:Aug 12 2015)
Display:1600x1200x32 59.92Hz
3	[3]	:	COGENT START
22924	[22921]	:	COGENT STOP
Cog2000 log file Thu Feb 21 15:21:50 2019
gprim v1.33 Compiled:Aug 12 2015 (GLib DirectDraw v7 DX12.0 Compiled:Aug 12 2015)
Display:1600x1200x32 59.95Hz
2	[2]	:	COGENT START
22840	[22838]	:	COGENT STOP
Cog2000 log file Thu Feb 21 15:25:37 2019
gprim v1.33 Compiled:Aug 12 2015 (GLib DirectDraw v7 DX12.0 Compiled:Aug 12 2015)
Display:1600x1200x32 59.92Hz
3	[3]	:	COGENT START
25892	[25889]	:	COGENT STOP
Cog2000 log file Thu Feb 21 16:48:00 2019
gprim v1.33 Compiled:Aug 12 2015 (GLib DirectDraw v7 DX12.0 Compiled:Aug 12 2015)
Display:1600x1200x32 59.95Hz
3	[3]	:	COGENT START
Cog2000 log file Thu Feb 21 16:48:41 2019
gprim v1.33 Compiled:Aug 12 2015 (GLib DirectDraw v7 DX12.0 Compiled:Aug 12 2015)
Display:1600x1200x32 59.92Hz
4	[4]	:	COGENT START
25922	[25918]	:	COGENT STOP
Cog2000 log file Thu Feb 21 16:50:39 2019
gprim v1.33 Compiled:Aug 12 2015 (GLib DirectDraw v7 DX12.0 Compiled:Aug 12 2015)
Display:1600x1200x32 59.92Hz
0	[0]	:	COGENT START
Cog2000 log file Thu Feb 21 16:53:41 2019
gprim v1.33 Compiled:Aug 12 2015 (GLib DirectDraw v7 DX12.0 Compiled:Aug 12 2015)
Display:1600x1200x32 59.92Hz
3	[3]	:	COGENT START
25914	[25911]	:	COGENT STOP
Cog2000 log file Thu Feb 21 16:55:54 2019
gprim v1.33 Compiled:Aug 12 2015 (GLib DirectDraw v7 DX12.0 Compiled:Aug 12 2015)
Display:1600x1200x32 59.95Hz
3	[3]	:	COGENT START
Cog2000 log file Thu Feb 21 16:57:25 2019
gprim v1.33 Compiled:Aug 12 2015 (GLib DirectDraw v7 DX12.0 Compiled:Aug 12 2015)
Display:1600x1200x32 59.92Hz
3	[3]	:	COGENT START
40465	[40462]	:	COGENT STOP
Cog2000 log file Thu Feb 21 16:58:34 2019
gprim v1.33 Compiled:Aug 12 2015 (GLib DirectDraw v7 DX12.0 Compiled:Aug 12 2015)
Display:1600x1200x32 59.92Hz
4	[4]	:	COGENT START
38521	[38517]	:	COGENT STOP
Cog2000 log file Thu Feb 21 16:59:28 2019
gprim v1.33 Compiled:Aug 12 2015 (GLib DirectDraw v7 DX12.0 Compiled:Aug 12 2015)
Display:1600x1200x32 59.95Hz
3	[3]	:	COGENT START
38483	[38480]	:	COGENT STOP
Cog2000 log file Thu Feb 21 17:07:16 2019
gprim v1.33 Compiled:Aug 12 2015 (GLib DirectDraw v7 DX12.0 Compiled:Aug 12 2015)
Display:1600x1200x32 59.95Hz
5	[5]	:	COGENT START
38529	[38524]	:	COGENT STOP
Cog2000 log file Thu Feb 21 17:08:23 2019
gprim v1.33 Compiled:Aug 12 2015 (GLib DirectDraw v7 DX12.0 Compiled:Aug 12 2015)
Display:1600x1200x32 59.99Hz
3	[3]	:	COGENT START
64364	[64361]	:	COGENT STOP
Cog2000 log file Wed Jul 31 11:42:26 2019
gprim v1.33 Compiled:Aug 12 2015 (GLib DirectDraw v7 DX12.0 Compiled:Aug 12 2015)
Display:1600x1200x32 59.92Hz
5	[5]	:	COGENT START
38984	[38979]	:	COGENT STOP
Cog2000 log file Wed Jul 31 11:43:18 2019
gprim v1.33 Compiled:Aug 12 2015 (GLib DirectDraw v7 DX12.0 Compiled:Aug 12 2015)
Display:1600x1200x32 59.95Hz
0	[0]	:	COGENT START
39035	[39035]	:	COGENT STOP
Cog2000 log file Wed Jul 31 11:45:02 2019
gprim v1.33 Compiled:Aug 12 2015 (GLib DirectDraw v7 DX12.0 Compiled:Aug 12 2015)
Display:1600x1200x32 59.92Hz
0	[0]	:	COGENT START
Cogent 2000 Version 1.29
cogstd.mexw64 v1.33 Compiled:Aug 12 2015
CogProcess v1.05 Compiled: May 20 2010
Cog2000 log file Wed Jul 31 11:46:05 2019
gprim v1.33 Compiled:Aug 12 2015 (GLib DirectDraw v7 DX12.0 Compiled:Aug 12 2015)
Display:1600x1200x32 59.92Hz
0	[0]	:	COGENT START
Cogent 2000 Version 1.29
cogstd.mexw64 v1.33 Compiled:Aug 12 2015
CogProcess v1.05 Compiled: May 20 2010
Cog2000 log file Wed Jul 31 12:02:08 2019
gprim v1.33 Compiled:Aug 12 2015 (GLib DirectDraw v7 DX12.0 Compiled:Aug 12 2015)
Display:1600x1200x32 59.95Hz
0	[0]	:	COGENT START
Cog2000 log file Thu Aug 08 11:19:19 2019
gprim v1.33 Compiled:Aug 12 2015 (GLib DirectDraw v7 DX12.0 Compiled:Aug 12 2015)
Display:1600x1200x32 59.99Hz
Attaching C:\Users\creis\Documents\MATLAB\Cogent\Cogent2000v1.33\Toolbox\CogInput.mexw64
CogInput v1.05 Compiled: May 20 2010
4	[4]	:	COGENT START
59442	[59438]	:	Key	60	DOWN	at	59440   
Cogent 2000 Version 1.29
cogstd.mexw64 v1.33 Compiled:Aug 12 2015
CogProcess v1.05 Compiled: May 20 2010
Cog2000 log file Thu Aug 08 11:31:32 2019
gprim v1.33 Compiled:Aug 12 2015 (GLib DirectDraw v7 DX12.0 Compiled:Aug 12 2015)
Display:1600x1200x32 59.95Hz
4	[4]	:	COGENT START
Cogent 2000 Version 1.29
cogstd.mexw64 v1.33 Compiled:Aug 12 2015
CogProcess v1.05 Compiled: May 20 2010
Cog2000 log file Thu Aug 08 11:32:07 2019
gprim v1.33 Compiled:Aug 12 2015 (GLib DirectDraw v7 DX12.0 Compiled:Aug 12 2015)
Display:1600x1200x32 59.92Hz
1	[1]	:	COGENT START
Cogent 2000 Version 1.29
cogstd.mexw64 v1.33 Compiled:Aug 12 2015
CogProcess v1.05 Compiled: May 20 2010
Cog2000 log file Thu Aug 08 11:34:16 2019
gprim v1.33 Compiled:Aug 12 2015 (GLib DirectDraw v7 DX12.0 Compiled:Aug 12 2015)
Display:1600x1200x32 59.92Hz
1	[1]	:	COGENT START
Cogent 2000 Version 1.29
cogstd.mexw64 v1.33 Compiled:Aug 12 2015
CogProcess v1.05 Compiled: May 20 2010
Cog2000 log file Thu Aug 08 12:02:10 2019
gprim v1.33 Compiled:Aug 12 2015 (GLib DirectDraw v7 DX12.0 Compiled:Aug 12 2015)
Display:1600x1200x32 59.92Hz
Attaching C:\Users\creis\Documents\MATLAB\Cogent\Cogent2000v1.33\Toolbox\CogInput.mexw64
CogInput v1.05 Compiled: May 20 2010
0	[0]	:	COGENT START
5163	[5163]	:	Key	71	DOWN	at	5162    
5356	[193]	:	Key	71	UP	at	5355    
7101	[1745]	:	Key	71	DOWN	at	7099    
7332	[231]	:	Key	71	UP	at	7331    
Cogent 2000 Version 1.29
cogstd.mexw64 v1.33 Compiled:Aug 12 2015
CogProcess v1.05 Compiled: May 20 2010
Cog2000 log file Thu Aug 08 12:11:20 2019
gprim v1.33 Compiled:Aug 12 2015 (GLib DirectDraw v7 DX12.0 Compiled:Aug 12 2015)
Display:1600x1200x32 59.92Hz
CogInput v1.05 Compiled: May 20 2010
0	[0]	:	COGENT START
Cogent 2000 Version 1.29
cogstd.mexw64 v1.33 Compiled:Aug 12 2015
CogProcess v1.05 Compiled: May 20 2010
Cog2000 log file Thu Aug 08 12:14:25 2019
gprim v1.33 Compiled:Aug 12 2015 (GLib DirectDraw v7 DX12.0 Compiled:Aug 12 2015)
Display:1600x1200x32 59.92Hz
CogInput v1.05 Compiled: May 20 2010
0	[0]	:	COGENT START
Cogent 2000 Version 1.29
cogstd.mexw64 v1.33 Compiled:Aug 12 2015
CogProcess v1.05 Compiled: May 20 2010
Cog2000 log file Thu Aug 08 12:16:04 2019
gprim v1.33 Compiled:Aug 12 2015 (GLib DirectDraw v7 DX12.0 Compiled:Aug 12 2015)
Display:1600x1200x32 59.95Hz
CogInput v1.05 Compiled: May 20 2010
0	[0]	:	COGENT START
Cogent 2000 Version 1.29
cogstd.mexw64 v1.33 Compiled:Aug 12 2015
CogProcess v1.05 Compiled: May 20 2010
Cog2000 log file Thu Aug 08 12:22:26 2019
gprim v1.33 Compiled:Aug 12 2015 (GLib DirectDraw v7 DX12.0 Compiled:Aug 12 2015)
Display:1600x1200x32 59.95Hz
CogInput v1.05 Compiled: May 20 2010
1	[1]	:	COGENT START
Cogent 2000 Version 1.29
cogstd.mexw64 v1.33 Compiled:Aug 12 2015
CogProcess v1.05 Compiled: May 20 2010
Cog2000 log file Thu Aug 08 15:11:17 2019
gprim v1.33 Compiled:Aug 12 2015 (GLib DirectDraw v7 DX12.0 Compiled:Aug 12 2015)
Display:1600x1200x32 59.95Hz
CogInput v1.05 Compiled: May 20 2010
0	[0]	:	COGENT START
28406	[28406]	:	Key	71	DOWN	at	28406   
28494	[88]	:	Key	71	UP	at	28494   
29734	[1240]	:	Key	71	DOWN	at	29734   
29797	[63]	:	Key	71	UP	at	29797   
30893	[1096]	:	Key	71	DOWN	at	30892   
30938	[45]	:	Key	71	UP	at	30938   
32046	[1108]	:	Key	71	DOWN	at	32046   
ERR GScnd:cgsetsprite Sprite 5 not found
Cogent 2000 Version 1.29
cogstd.mexw64 v1.33 Compiled:Aug 12 2015
CogProcess v1.05 Compiled: May 20 2010
Cog2000 log file Thu Aug 08 15:14:29 2019
gprim v1.33 Compiled:Aug 12 2015 (GLib DirectDraw v7 DX12.0 Compiled:Aug 12 2015)
Display:1600x1200x32 59.92Hz
CogInput v1.05 Compiled: May 20 2010
0	[0]	:	COGENT START
2250	[2250]	:	Key	71	DOWN	at	904     
2251	[1]	:	Key	71	UP	at	1016    
2665	[414]	:	Key	71	DOWN	at	2665    
2813	[148]	:	Key	71	UP	at	2812    
3890	[1077]	:	Key	71	DOWN	at	3889    
4011	[121]	:	Key	71	UP	at	4011    
5220	[1209]	:	Key	71	DOWN	at	5220    
5308	[88]	:	Key	71	UP	at	5308    
7508	[2200]	:	Key	71	DOWN	at	7508    
7668	[160]	:	Key	71	UP	at	7667    
9628	[1960]	:	Key	71	DOWN	at	9628    
ERR GScnd:cgsetsprite Sprite 5 not found
Cogent 2000 Version 1.29
cogstd.mexw64 v1.33 Compiled:Aug 12 2015
CogProcess v1.05 Compiled: May 20 2010
